\BOOKMARK [1][-]{section.1}{Chef}{}% 1
\BOOKMARK [2][-]{subsection.1.1}{Components}{section.1}% 2
\BOOKMARK [2][-]{subsection.1.2}{Architecture}{section.1}% 3
\BOOKMARK [2][-]{subsection.1.3}{Features}{section.1}% 4
\BOOKMARK [2][-]{subsection.1.4}{Official Website}{section.1}% 5
\BOOKMARK [2][-]{subsection.1.5}{Latest Version}{section.1}% 6
\BOOKMARK [2][-]{subsection.1.6}{Advantages}{section.1}% 7
\BOOKMARK [2][-]{subsection.1.7}{Disadvantages}{section.1}% 8
\BOOKMARK [1][-]{section.2}{Ansible}{}% 9
\BOOKMARK [2][-]{subsection.2.1}{Components}{section.2}% 10
\BOOKMARK [2][-]{subsection.2.2}{Architecture}{section.2}% 11
\BOOKMARK [2][-]{subsection.2.3}{Features}{section.2}% 12
\BOOKMARK [2][-]{subsection.2.4}{Official Website}{section.2}% 13
\BOOKMARK [2][-]{subsection.2.5}{Latest Version}{section.2}% 14
\BOOKMARK [2][-]{subsection.2.6}{Advantages}{section.2}% 15
\BOOKMARK [2][-]{subsection.2.7}{Disadvantages}{section.2}% 16
\BOOKMARK [1][-]{section.3}{Fuel}{}% 17
\BOOKMARK [2][-]{subsection.3.1}{Components}{section.3}% 18
\BOOKMARK [2][-]{subsection.3.2}{Architecture}{section.3}% 19
\BOOKMARK [2][-]{subsection.3.3}{Features}{section.3}% 20
\BOOKMARK [2][-]{subsection.3.4}{Official Website}{section.3}% 21
\BOOKMARK [2][-]{subsection.3.5}{Latest Version}{section.3}% 22
\BOOKMARK [2][-]{subsection.3.6}{Advantages}{section.3}% 23
\BOOKMARK [2][-]{subsection.3.7}{Disadvantages}{section.3}% 24
\BOOKMARK [1][-]{section.4}{Puppet}{}% 25
\BOOKMARK [2][-]{subsection.4.1}{Components}{section.4}% 26
\BOOKMARK [2][-]{subsection.4.2}{Architecture}{section.4}% 27
\BOOKMARK [2][-]{subsection.4.3}{Features}{section.4}% 28
\BOOKMARK [2][-]{subsection.4.4}{Official Website}{section.4}% 29
\BOOKMARK [2][-]{subsection.4.5}{Latest Version}{section.4}% 30
\BOOKMARK [2][-]{subsection.4.6}{Advantages}{section.4}% 31
\BOOKMARK [2][-]{subsection.4.7}{Disadvantages}{section.4}% 32
\BOOKMARK [1][-]{section.5}{Compass}{}% 33
\BOOKMARK [2][-]{subsection.5.1}{Components}{section.5}% 34
\BOOKMARK [2][-]{subsection.5.2}{Architecture}{section.5}% 35
\BOOKMARK [2][-]{subsection.5.3}{Features}{section.5}% 36
\BOOKMARK [2][-]{subsection.5.4}{Official Website}{section.5}% 37
\BOOKMARK [2][-]{subsection.5.5}{Latest Version}{section.5}% 38
\BOOKMARK [2][-]{subsection.5.6}{Advantages}{section.5}% 39
\BOOKMARK [2][-]{subsection.5.7}{Disadvantages}{section.5}% 40
\BOOKMARK [1][-]{section.6}{References}{}% 41
